<?xml version="1.0" ?>
<coverage version="7.14.3" timestamp="1782280471995" lines-valid="598" lines-covered="506" line-rate="0.8462" branches-covered="0" branches-valid="0" branch-rate="0" complexity="0">
	<!-- Generated by coverage.py: https://coverage.readthedocs.io/en/7.14.3 -->
	<!-- Based on https://raw.githubusercontent.com/cobertura/web/master/htdocs/xml/coverage-04.dtd -->
	<sources>
		<source>C:\Users\Admin\Desktop\azure-cost-advisor\.repo-splits\FinOpsIQ-Saas\auth-service\src\src</source>
	</sources>
	<packages>
		<package name="." line-rate="1" branch-rate="0" complexity="0">
			<classes>
				<class name="__init__.py" filename="__init__.py" complexity="0" line-rate="1" branch-rate="0">
					<methods/>
					<lines/>
				</class>
			</classes>
		</package>
		<package name="auth" line-rate="0.8493" branch-rate="0" complexity="0">
			<classes>
				<class name="__init__.py" filename="auth/__init__.py" complexity="0" line-rate="1" branch-rate="0">
					<methods/>
					<lines>
						<line number="3" hits="1"/>
						<line number="10" hits="1"/>
					</lines>
				</class>
				<class name="entra.py" filename="auth/entra.py" complexity="0" line-rate="0.8451" branch-rate="0">
					<methods/>
					<lines>
						<line number="3" hits="1"/>
						<line number="5" hits="1"/>
						<line number="6" hits="1"/>
						<line number="7" hits="1"/>
						<line number="9" hits="1"/>
						<line number="10" hits="1"/>
						<line number="12" hits="1"/>
						<line number="14" hits="1"/>
						<line number="17" hits="1"/>
						<line number="18" hits="1"/>
						<line number="21" hits="1"/>
						<line number="22" hits="1"/>
						<line number="23" hits="1"/>
						<line number="24" hits="1"/>
						<line number="25" hits="1"/>
						<line number="27" hits="1"/>
						<line number="30" hits="1"/>
						<line number="31" hits="1"/>
						<line number="32" hits="1"/>
						<line number="33" hits="1"/>
						<line number="34" hits="1"/>
						<line number="38" hits="1"/>
						<line number="40" hits="1"/>
						<line number="41" hits="1"/>
						<line number="42" hits="0"/>
						<line number="45" hits="1"/>
						<line number="46" hits="1"/>
						<line number="47" hits="1"/>
						<line number="48" hits="1"/>
						<line number="49" hits="0"/>
						<line number="52" hits="1"/>
						<line number="54" hits="1"/>
						<line number="55" hits="1"/>
						<line number="56" hits="1"/>
						<line number="57" hits="0"/>
						<line number="58" hits="0"/>
						<line number="59" hits="1"/>
						<line number="65" hits="1"/>
						<line number="66" hits="1"/>
						<line number="72" hits="1"/>
						<line number="75" hits="1"/>
						<line number="76" hits="1"/>
						<line number="79" hits="1"/>
						<line number="80" hits="1"/>
						<line number="83" hits="1"/>
						<line number="84" hits="0"/>
						<line number="85" hits="0"/>
						<line number="86" hits="1"/>
						<line number="87" hits="1"/>
						<line number="88" hits="1"/>
						<line number="89" hits="1"/>
						<line number="90" hits="0"/>
						<line number="91" hits="1"/>
						<line number="102" hits="1"/>
						<line number="105" hits="1"/>
						<line number="106" hits="1"/>
						<line number="112" hits="1"/>
						<line number="113" hits="1"/>
						<line number="114" hits="1"/>
						<line number="117" hits="1"/>
						<line number="124" hits="1"/>
						<line number="125" hits="1"/>
						<line number="126" hits="1"/>
						<line number="129" hits="1"/>
						<line number="135" hits="1"/>
						<line number="138" hits="1"/>
						<line number="139" hits="0"/>
						<line number="141" hits="1"/>
						<line number="142" hits="0"/>
						<line number="143" hits="0"/>
						<line number="144" hits="0"/>
					</lines>
				</class>
			</classes>
		</package>
		<package name="auth_service" line-rate="0.8014" branch-rate="0" complexity="0">
			<classes>
				<class name="__init__.py" filename="auth_service/__init__.py" complexity="0" line-rate="1" branch-rate="0">
					<methods/>
					<lines/>
				</class>
				<class name="application.py" filename="auth_service/application.py" complexity="0" line-rate="0.8014" branch-rate="0">
					<methods/>
					<lines>
						<line number="3" hits="1"/>
						<line number="5" hits="1"/>
						<line number="6" hits="1"/>
						<line number="7" hits="1"/>
						<line number="8" hits="1"/>
						<line number="9" hits="1"/>
						<line number="11" hits="1"/>
						<line number="12" hits="1"/>
						<line number="13" hits="1"/>
						<line number="15" hits="1"/>
						<line number="16" hits="1"/>
						<line number="17" hits="1"/>
						<line number="18" hits="1"/>
						<line number="19" hits="1"/>
						<line number="20" hits="1"/>
						<line number="21" hits="1"/>
						<line number="22" hits="1"/>
						<line number="24" hits="1"/>
						<line number="26" hits="1"/>
						<line number="29" hits="1"/>
						<line number="30" hits="1"/>
						<line number="31" hits="1"/>
						<line number="33" hits="1"/>
						<line number="34" hits="1"/>
						<line number="35" hits="1"/>
						<line number="37" hits="1"/>
						<line number="38" hits="1"/>
						<line number="39" hits="1"/>
						<line number="41" hits="1"/>
						<line number="42" hits="1"/>
						<line number="43" hits="1"/>
						<line number="45" hits="1"/>
						<line number="46" hits="1"/>
						<line number="47" hits="1"/>
						<line number="49" hits="1"/>
						<line number="50" hits="1"/>
						<line number="51" hits="1"/>
						<line number="52" hits="1"/>
						<line number="53" hits="1"/>
						<line number="54" hits="1"/>
						<line number="62" hits="1"/>
						<line number="64" hits="1"/>
						<line number="65" hits="1"/>
						<line number="66" hits="1"/>
						<line number="67" hits="1"/>
						<line number="72" hits="1"/>
						<line number="73" hits="1"/>
						<line number="74" hits="1"/>
						<line number="77" hits="1"/>
						<line number="80" hits="1"/>
						<line number="81" hits="1"/>
						<line number="90" hits="1"/>
						<line number="95" hits="1"/>
						<line number="108" hits="1"/>
						<line number="109" hits="0"/>
						<line number="111" hits="1"/>
						<line number="113" hits="1"/>
						<line number="114" hits="1"/>
						<line number="124" hits="1"/>
						<line number="125" hits="1"/>
						<line number="132" hits="1"/>
						<line number="134" hits="1"/>
						<line number="143" hits="1"/>
						<line number="144" hits="1"/>
						<line number="146" hits="1"/>
						<line number="147" hits="0"/>
						<line number="152" hits="0"/>
						<line number="153" hits="0"/>
						<line number="154" hits="0"/>
						<line number="155" hits="0"/>
						<line number="157" hits="1"/>
						<line number="158" hits="1"/>
						<line number="163" hits="1"/>
						<line number="164" hits="1"/>
						<line number="165" hits="1"/>
						<line number="166" hits="1"/>
						<line number="167" hits="1"/>
						<line number="168" hits="1"/>
						<line number="169" hits="1"/>
						<line number="171" hits="1"/>
						<line number="172" hits="1"/>
						<line number="173" hits="1"/>
						<line number="175" hits="1"/>
						<line number="176" hits="1"/>
						<line number="177" hits="1"/>
						<line number="178" hits="1"/>
						<line number="179" hits="1"/>
						<line number="180" hits="1"/>
						<line number="186" hits="1"/>
						<line number="187" hits="1"/>
						<line number="188" hits="1"/>
						<line number="189" hits="1"/>
						<line number="190" hits="1"/>
						<line number="191" hits="1"/>
						<line number="194" hits="0"/>
						<line number="195" hits="0"/>
						<line number="196" hits="1"/>
						<line number="197" hits="1"/>
						<line number="198" hits="1"/>
						<line number="199" hits="1"/>
						<line number="200" hits="1"/>
						<line number="204" hits="1"/>
						<line number="205" hits="0"/>
						<line number="206" hits="0"/>
						<line number="207" hits="0"/>
						<line number="209" hits="1"/>
						<line number="210" hits="1"/>
						<line number="211" hits="1"/>
						<line number="216" hits="1"/>
						<line number="222" hits="1"/>
						<line number="223" hits="1"/>
						<line number="224" hits="1"/>
						<line number="225" hits="1"/>
						<line number="230" hits="1"/>
						<line number="231" hits="0"/>
						<line number="232" hits="0"/>
						<line number="233" hits="0"/>
						<line number="238" hits="1"/>
						<line number="239" hits="0"/>
						<line number="240" hits="0"/>
						<line number="241" hits="0"/>
						<line number="242" hits="0"/>
						<line number="243" hits="0"/>
						<line number="247" hits="1"/>
						<line number="248" hits="1"/>
						<line number="249" hits="1"/>
						<line number="250" hits="1"/>
						<line number="251" hits="1"/>
						<line number="252" hits="1"/>
						<line number="253" hits="1"/>
						<line number="254" hits="0"/>
						<line number="255" hits="1"/>
						<line number="256" hits="1"/>
						<line number="257" hits="1"/>
						<line number="258" hits="1"/>
						<line number="259" hits="1"/>
						<line number="260" hits="1"/>
						<line number="261" hits="0"/>
						<line number="262" hits="0"/>
						<line number="264" hits="1"/>
						<line number="265" hits="0"/>
						<line number="266" hits="0"/>
						<line number="268" hits="1"/>
						<line number="269" hits="1"/>
						<line number="270" hits="1"/>
						<line number="271" hits="1"/>
						<line number="272" hits="1"/>
						<line number="273" hits="1"/>
						<line number="274" hits="1"/>
						<line number="279" hits="1"/>
						<line number="284" hits="1"/>
						<line number="285" hits="1"/>
						<line number="293" hits="1"/>
						<line number="301" hits="1"/>
						<line number="302" hits="1"/>
						<line number="314" hits="1"/>
						<line number="316" hits="1"/>
						<line number="320" hits="1"/>
						<line number="321" hits="0"/>
						<line number="326" hits="1"/>
						<line number="327" hits="1"/>
						<line number="328" hits="1"/>
						<line number="331" hits="1"/>
						<line number="335" hits="1"/>
						<line number="336" hits="1"/>
						<line number="337" hits="1"/>
						<line number="341" hits="1"/>
						<line number="344" hits="1"/>
						<line number="347" hits="1"/>
						<line number="352" hits="1"/>
						<line number="357" hits="1"/>
						<line number="375" hits="1"/>
						<line number="376" hits="1"/>
						<line number="381" hits="1"/>
						<line number="382" hits="1"/>
						<line number="387" hits="1"/>
						<line number="388" hits="1"/>
						<line number="389" hits="1"/>
						<line number="390" hits="1"/>
						<line number="396" hits="0"/>
						<line number="402" hits="1"/>
						<line number="404" hits="1"/>
						<line number="405" hits="1"/>
						<line number="406" hits="1"/>
						<line number="407" hits="1"/>
						<line number="408" hits="1"/>
						<line number="409" hits="1"/>
						<line number="415" hits="1"/>
						<line number="416" hits="1"/>
						<line number="417" hits="1"/>
						<line number="418" hits="1"/>
						<line number="419" hits="1"/>
						<line number="421" hits="1"/>
						<line number="422" hits="1"/>
						<line number="423" hits="1"/>
						<line number="425" hits="1"/>
						<line number="426" hits="1"/>
						<line number="427" hits="0"/>
						<line number="433" hits="1"/>
						<line number="435" hits="1"/>
						<line number="436" hits="1"/>
						<line number="440" hits="1"/>
						<line number="445" hits="1"/>
						<line number="446" hits="1"/>
						<line number="447" hits="1"/>
						<line number="452" hits="1"/>
						<line number="453" hits="1"/>
						<line number="454" hits="1"/>
						<line number="456" hits="1"/>
						<line number="459" hits="1"/>
						<line number="461" hits="1"/>
						<line number="462" hits="0"/>
						<line number="464" hits="0"/>
						<line number="465" hits="0"/>
						<line number="474" hits="0"/>
						<line number="475" hits="0"/>
						<line number="476" hits="0"/>
						<line number="477" hits="0"/>
						<line number="478" hits="0"/>
						<line number="479" hits="0"/>
						<line number="480" hits="0"/>
						<line number="481" hits="0"/>
						<line number="482" hits="0"/>
						<line number="487" hits="0"/>
						<line number="488" hits="0"/>
						<line number="489" hits="0"/>
						<line number="495" hits="0"/>
						<line number="502" hits="0"/>
						<line number="508" hits="0"/>
						<line number="509" hits="0"/>
						<line number="510" hits="0"/>
						<line number="515" hits="0"/>
						<line number="523" hits="1"/>
						<line number="526" hits="1"/>
						<line number="527" hits="1"/>
						<line number="528" hits="1"/>
						<line number="529" hits="1"/>
						<line number="530" hits="1"/>
						<line number="550" hits="1"/>
						<line number="557" hits="1"/>
						<line number="560" hits="1"/>
						<line number="561" hits="0"/>
						<line number="562" hits="1"/>
						<line number="568" hits="1"/>
						<line number="569" hits="1"/>
						<line number="570" hits="1"/>
						<line number="572" hits="1"/>
						<line number="573" hits="1"/>
						<line number="579" hits="1"/>
						<line number="581" hits="1"/>
						<line number="584" hits="1"/>
						<line number="589" hits="1"/>
						<line number="590" hits="1"/>
						<line number="591" hits="1"/>
						<line number="592" hits="1"/>
						<line number="593" hits="1"/>
						<line number="594" hits="1"/>
						<line number="595" hits="0"/>
						<line number="596" hits="1"/>
						<line number="600" hits="1"/>
						<line number="607" hits="1"/>
						<line number="608" hits="1"/>
						<line number="609" hits="1"/>
						<line number="611" hits="1"/>
						<line number="612" hits="1"/>
						<line number="613" hits="1"/>
						<line number="614" hits="0"/>
						<line number="616" hits="1"/>
						<line number="617" hits="1"/>
						<line number="618" hits="0"/>
						<line number="619" hits="1"/>
						<line number="620" hits="1"/>
						<line number="621" hits="0"/>
						<line number="622" hits="0"/>
						<line number="623" hits="1"/>
						<line number="624" hits="0"/>
						<line number="625" hits="1"/>
					</lines>
				</class>
			</classes>
		</package>
		<package name="compliance" line-rate="0.7317" branch-rate="0" complexity="0">
			<classes>
				<class name="__init__.py" filename="compliance/__init__.py" complexity="0" line-rate="1" branch-rate="0">
					<methods/>
					<lines/>
				</class>
				<class name="lifecycle.py" filename="compliance/lifecycle.py" complexity="0" line-rate="0.7317" branch-rate="0">
					<methods/>
					<lines>
						<line number="3" hits="1"/>
						<line number="5" hits="1"/>
						<line number="6" hits="1"/>
						<line number="7" hits="1"/>
						<line number="9" hits="1"/>
						<line number="12" hits="1"/>
						<line number="13" hits="1"/>
						<line number="14" hits="1"/>
						<line number="15" hits="1"/>
						<line number="16" hits="1"/>
						<line number="18" hits="1"/>
						<line number="19" hits="0"/>
						<line number="20" hits="0"/>
						<line number="21" hits="0"/>
						<line number="31" hits="0"/>
						<line number="32" hits="0"/>
						<line number="34" hits="1"/>
						<line number="35" hits="1"/>
						<line number="36" hits="1"/>
						<line number="37" hits="1"/>
						<line number="38" hits="1"/>
						<line number="39" hits="1"/>
						<line number="40" hits="1"/>
						<line number="41" hits="1"/>
						<line number="42" hits="1"/>
						<line number="43" hits="1"/>
						<line number="44" hits="1"/>
						<line number="45" hits="1"/>
						<line number="46" hits="1"/>
						<line number="47" hits="1"/>
						<line number="48" hits="0"/>
						<line number="49" hits="1"/>
						<line number="50" hits="0"/>
						<line number="52" hits="0"/>
						<line number="62" hits="0"/>
						<line number="63" hits="0"/>
						<line number="66" hits="0"/>
						<line number="67" hits="1"/>
						<line number="68" hits="1"/>
						<line number="80" hits="1"/>
						<line number="81" hits="1"/>
					</lines>
				</class>
			</classes>
		</package>
		<package name="microservices" line-rate="1" branch-rate="0" complexity="0">
			<classes>
				<class name="__init__.py" filename="microservices/__init__.py" complexity="0" line-rate="1" branch-rate="0">
					<methods/>
					<lines/>
				</class>
				<class name="auth_service.py" filename="microservices/auth_service.py" complexity="0" line-rate="1" branch-rate="0">
					<methods/>
					<lines>
						<line number="3" hits="1"/>
						<line number="5" hits="1"/>
						<line number="7" hits="1"/>
						<line number="9" hits="1"/>
						<line number="10" hits="1"/>
						<line number="11" hits="1"/>
						<line number="13" hits="1"/>
						<line number="14" hits="1"/>
						<line number="15" hits="1"/>
						<line number="17" hits="1"/>
						<line number="19" hits="1"/>
						<line number="20" hits="1"/>
						<line number="21" hits="1"/>
						<line number="24" hits="1"/>
						<line number="25" hits="1"/>
						<line number="26" hits="1"/>
						<line number="29" hits="1"/>
						<line number="30" hits="1"/>
						<line number="31" hits="1"/>
						<line number="34" hits="1"/>
						<line number="35" hits="1"/>
						<line number="36" hits="1"/>
						<line number="39" hits="1"/>
						<line number="40" hits="1"/>
						<line number="41" hits="1"/>
						<line number="44" hits="1"/>
						<line number="45" hits="1"/>
						<line number="46" hits="1"/>
						<line number="49" hits="1"/>
						<line number="50" hits="1"/>
						<line number="51" hits="1"/>
						<line number="54" hits="1"/>
						<line number="55" hits="1"/>
						<line number="56" hits="1"/>
						<line number="59" hits="1"/>
						<line number="60" hits="1"/>
						<line number="61" hits="1"/>
						<line number="64" hits="1"/>
						<line number="65" hits="1"/>
						<line number="66" hits="1"/>
						<line number="69" hits="1"/>
						<line number="70" hits="1"/>
						<line number="71" hits="1"/>
						<line number="74" hits="1"/>
						<line number="75" hits="1"/>
						<line number="76" hits="1"/>
						<line number="79" hits="1"/>
						<line number="80" hits="1"/>
						<line number="81" hits="1"/>
					</lines>
				</class>
			</classes>
		</package>
		<package name="onboarding" line-rate="0.9051" branch-rate="0" complexity="0">
			<classes>
				<class name="__init__.py" filename="onboarding/__init__.py" complexity="0" line-rate="1" branch-rate="0">
					<methods/>
					<lines>
						<line number="3" hits="1"/>
						<line number="5" hits="1"/>
					</lines>
				</class>
				<class name="azure_access.py" filename="onboarding/azure_access.py" complexity="0" line-rate="0.8333" branch-rate="0">
					<methods/>
					<lines>
						<line number="3" hits="1"/>
						<line number="5" hits="1"/>
						<line number="6" hits="1"/>
						<line number="8" hits="1"/>
						<line number="9" hits="1"/>
						<line number="11" hits="1"/>
						<line number="14" hits="1"/>
						<line number="15" hits="1"/>
						<line number="18" hits="1"/>
						<line number="19" hits="1"/>
						<line number="20" hits="1"/>
						<line number="21" hits="1"/>
						<line number="22" hits="1"/>
						<line number="24" hits="1"/>
						<line number="27" hits="1"/>
						<line number="28" hits="1"/>
						<line number="29" hits="1"/>
						<line number="30" hits="1"/>
						<line number="31" hits="1"/>
						<line number="32" hits="1"/>
						<line number="33" hits="1"/>
						<line number="34" hits="1"/>
						<line number="35" hits="1"/>
						<line number="36" hits="1"/>
						<line number="38" hits="1"/>
						<line number="41" hits="1"/>
						<line number="42" hits="1"/>
						<line number="43" hits="1"/>
						<line number="44" hits="1"/>
						<line number="45" hits="1"/>
						<line number="47" hits="1"/>
						<line number="48" hits="1"/>
						<line number="49" hits="1"/>
						<line number="54" hits="1"/>
						<line number="55" hits="1"/>
						<line number="61" hits="1"/>
						<line number="62" hits="0"/>
						<line number="66" hits="1"/>
						<line number="76" hits="1"/>
						<line number="79" hits="1"/>
						<line number="80" hits="1"/>
						<line number="84" hits="1"/>
						<line number="172" hits="1"/>
						<line number="184" hits="1"/>
						<line number="185" hits="1"/>
						<line number="192" hits="0"/>
						<line number="193" hits="0"/>
						<line number="203" hits="1"/>
						<line number="204" hits="1"/>
						<line number="215" hits="1"/>
						<line number="216" hits="1"/>
						<line number="222" hits="0"/>
						<line number="223" hits="1"/>
						<line number="236" hits="1"/>
						<line number="237" hits="0"/>
						<line number="238" hits="0"/>
						<line number="239" hits="0"/>
						<line number="240" hits="0"/>
						<line number="241" hits="0"/>
						<line number="242" hits="0"/>
					</lines>
				</class>
				<class name="service.py" filename="onboarding/service.py" complexity="0" line-rate="0.9479" branch-rate="0">
					<methods/>
					<lines>
						<line number="3" hits="1"/>
						<line number="5" hits="1"/>
						<line number="6" hits="1"/>
						<line number="8" hits="1"/>
						<line number="9" hits="1"/>
						<line number="15" hits="1"/>
						<line number="20" hits="1"/>
						<line number="23" hits="1"/>
						<line number="24" hits="1"/>
						<line number="25" hits="1"/>
						<line number="26" hits="1"/>
						<line number="27" hits="1"/>
						<line number="29" hits="1"/>
						<line number="37" hits="1"/>
						<line number="38" hits="1"/>
						<line number="39" hits="1"/>
						<line number="40" hits="1"/>
						<line number="41" hits="1"/>
						<line number="45" hits="1"/>
						<line number="52" hits="1"/>
						<line number="61" hits="1"/>
						<line number="62" hits="1"/>
						<line number="77" hits="1"/>
						<line number="78" hits="1"/>
						<line number="79" hits="1"/>
						<line number="81" hits="1"/>
						<line number="82" hits="1"/>
						<line number="91" hits="1"/>
						<line number="96" hits="1"/>
						<line number="97" hits="1"/>
						<line number="98" hits="1"/>
						<line number="100" hits="1"/>
						<line number="101" hits="1"/>
						<line number="102" hits="1"/>
						<line number="103" hits="1"/>
						<line number="104" hits="1"/>
						<line number="105" hits="0"/>
						<line number="107" hits="1"/>
						<line number="108" hits="1"/>
						<line number="109" hits="1"/>
						<line number="110" hits="1"/>
						<line number="112" hits="0"/>
						<line number="114" hits="1"/>
						<line number="117" hits="1"/>
						<line number="122" hits="1"/>
						<line number="123" hits="1"/>
						<line number="131" hits="1"/>
						<line number="132" hits="1"/>
						<line number="133" hits="1"/>
						<line number="136" hits="1"/>
						<line number="138" hits="1"/>
						<line number="144" hits="1"/>
						<line number="145" hits="1"/>
						<line number="146" hits="1"/>
						<line number="147" hits="0"/>
						<line number="150" hits="1"/>
						<line number="151" hits="1"/>
						<line number="152" hits="1"/>
						<line number="153" hits="1"/>
						<line number="163" hits="1"/>
						<line number="164" hits="1"/>
						<line number="165" hits="1"/>
						<line number="167" hits="1"/>
						<line number="170" hits="1"/>
						<line number="171" hits="1"/>
						<line number="172" hits="1"/>
						<line number="173" hits="1"/>
						<line number="174" hits="1"/>
						<line number="177" hits="1"/>
						<line number="180" hits="1"/>
						<line number="181" hits="1"/>
						<line number="182" hits="1"/>
						<line number="184" hits="1"/>
						<line number="187" hits="1"/>
						<line number="193" hits="1"/>
						<line number="194" hits="0"/>
						<line number="195" hits="1"/>
						<line number="196" hits="1"/>
						<line number="199" hits="1"/>
						<line number="200" hits="1"/>
						<line number="212" hits="1"/>
						<line number="220" hits="1"/>
						<line number="221" hits="1"/>
						<line number="223" hits="1"/>
						<line number="224" hits="1"/>
						<line number="229" hits="1"/>
						<line number="233" hits="1"/>
						<line number="237" hits="1"/>
						<line number="244" hits="1"/>
						<line number="256" hits="1"/>
						<line number="262" hits="1"/>
						<line number="268" hits="1"/>
						<line number="269" hits="1"/>
						<line number="270" hits="0"/>
						<line number="271" hits="1"/>
						<line number="282" hits="1"/>
					</lines>
				</class>
			</classes>
		</package>
	</packages>
</coverage>
